# JRE version: OpenJDK Runtime Environment (19.0.2+7) (build 19.0.2+7-44)
# Java VM: OpenJDK 64-Bit Server VM (19.0.2+7-44, mixed mode, sharing, tiered, compressed oops, compressed class ptrs, g1 gc, windows-amd64)
GC Precious Log:
 CardTable entry size: 512
 Card Set container configuration: InlinePtr #cards 4 size 8 Array Of Cards #cards 16 size 48 Howl #buckets 8 coarsen threshold 3686 Howl Bitmap #cards 512 size 80 coarsen threshold 460 Card regions per heap region 1 cards per card region 4096
 CPUs: 12 total, 12 available
 Memory: 16291M
 Large Page Support: Disabled
 NUMA Support: Disabled
 Compressed Oops: Enabled (Zero based)
 Heap Region Size: 2M
 Heap Min Capacity: 8M
 Heap Initial Capacity: 256M
 Heap Max Capacity: 4074M
 Pre-touch: Disabled
 Parallel Workers: 10
 Concurrent Workers: 3
 Concurrent Refinement Workers: 10
 Periodic GC: Disabled
Heap:
 garbage-first heap   total 991232K, used 702081K [0x0000000701600000, 0x0000000800000000)
  region size 2048K, 3 young (6144K), 1 survivors (2048K)
 Metaspace       used 16273K, committed 16512K, reserved 1114112K
  class space    used 1633K, committed 1728K, reserved 1048576K
GC Heap History (20 events):
Event: 11.452 GC heap before
{Heap before GC invocations=24 (full 0):
 garbage-first heap   total 757760K, used 362952K [0x0000000701600000, 0x0000000800000000)
  region size 2048K, 18 young (36864K), 12 survivors (24576K)
 Metaspace       used 16262K, committed 16512K, reserved 1114112K
  class space    used 1632K, committed 1728K, reserved 1048576K
}
Event: 11.455 GC heap after
{Heap after GC invocations=25 (full 0):
 garbage-first heap   total 757760K, used 352041K [0x0000000701600000, 0x0000000800000000)
  region size 2048K, 2 young (4096K), 2 survivors (4096K)
 Metaspace       used 16262K, committed 16512K, reserved 1114112K
  class space    used 1632K, committed 1728K, reserved 1048576K
}
Event: 12.311 GC heap before
{Heap before GC invocations=25 (full 0):
 garbage-first heap   total 757760K, used 753449K [0x0000000701600000, 0x0000000800000000)
  region size 2048K, 113 young (231424K), 2 survivors (4096K)
 Metaspace       used 16271K, committed 16512K, reserved 1114112K
  class space    used 1633K, committed 1728K, reserved 1048576K
}
Event: 12.318 GC heap after
{Heap after GC invocations=26 (full 0):
 garbage-first heap   total 798720K, used 441781K [0x0000000701600000, 0x0000000800000000)
  region size 2048K, 15 young (30720K), 15 survivors (30720K)
 Metaspace       used 16271K, committed 16512K, reserved 1114112K
  class space    used 1633K, committed 1728K, reserved 1048576K
}
Event: 12.816 GC heap before
{Heap before GC invocations=27 (full 0):
 garbage-first heap   total 798720K, used 751029K [0x0000000701600000, 0x0000000800000000)
  region size 2048K, 103 young (210944K), 15 survivors (30720K)
 Metaspace       used 16272K, committed 16512K, reserved 1114112K
  class space    used 1633K, committed 1728K, reserved 1048576K
}
Event: 12.825 GC heap after
{Heap after GC invocations=28 (full 0):
 garbage-first heap   total 817152K, used 513369K [0x0000000701600000, 0x0000000800000000)
  region size 2048K, 13 young (26624K), 13 survivors (26624K)
 Metaspace       used 16272K, committed 16512K, reserved 1114112K
  class space    used 1633K, committed 1728K, reserved 1048576K
}
Event: 12.948 GC heap before
{Heap before GC invocations=28 (full 0):
 garbage-first heap   total 817152K, used 533849K [0x0000000701600000, 0x0000000800000000)
  region size 2048K, 19 young (38912K), 13 survivors (26624K)
 Metaspace       used 16272K, committed 16512K, reserved 1114112K
  class space    used 1633K, committed 1728K, reserved 1048576K
}
Event: 12.952 GC heap after
{Heap after GC invocations=29 (full 0):
 garbage-first heap   total 817152K, used 516961K [0x0000000701600000, 0x0000000800000000)
  region size 2048K, 1 young (2048K), 1 survivors (2048K)
 Metaspace       used 16272K, committed 16512K, reserved 1114112K
  class space    used 1633K, committed 1728K, reserved 1048576K
}
Event: 13.398 GC heap before
{Heap before GC invocations=29 (full 0):
 garbage-first heap   total 817152K, used 727905K [0x0000000701600000, 0x0000000800000000)
  region size 2048K, 72 young (147456K), 1 survivors (2048K)
 Metaspace       used 16272K, committed 16512K, reserved 1114112K
  class space    used 1633K, committed 1728K, reserved 1048576K
}
Event: 13.400 GC heap after
{Heap after GC invocations=30 (full 0):
 garbage-first heap   total 817152K, used 560336K [0x0000000701600000, 0x0000000800000000)
  region size 2048K, 9 young (18432K), 9 survivors (18432K)
 Metaspace       used 16272K, committed 16512K, reserved 1114112K
  class space    used 1633K, committed 1728K, reserved 1048576K
}
Event: 13.403 GC heap before
{Heap before GC invocations=30 (full 0):
 garbage-first heap   total 817152K, used 560336K [0x0000000701600000, 0x0000000800000000)
  region size 2048K, 10 young (20480K), 9 survivors (18432K)
 Metaspace       used 16272K, committed 16512K, reserved 1114112K
  class space    used 1633K, committed 1728K, reserved 1048576K
}
Event: 13.405 GC heap after
{Heap after GC invocations=31 (full 0):
 garbage-first heap   total 817152K, used 561418K [0x0000000701600000, 0x0000000800000000)
  region size 2048K, 0 young (0K), 0 survivors (0K)
 Metaspace       used 16272K, committed 16512K, reserved 1114112K
  class space    used 1633K, committed 1728K, reserved 1048576K
}
Event: 13.761 GC heap before
{Heap before GC invocations=32 (full 0):
 garbage-first heap   total 960512K, used 737546K [0x0000000701600000, 0x0000000800000000)
  region size 2048K, 61 young (124928K), 0 survivors (0K)
 Metaspace       used 16272K, committed 16512K, reserved 1114112K
  class space    used 1633K, committed 1728K, reserved 1048576K
}
Event: 13.765 GC heap after
{Heap after GC invocations=33 (full 0):
 garbage-first heap   total 960512K, used 599653K [0x0000000701600000, 0x0000000800000000)
  region size 2048K, 8 young (16384K), 8 survivors (16384K)
 Metaspace       used 16272K, committed 16512K, reserved 1114112K
  class space    used 1633K, committed 1728K, reserved 1048576K
}
Event: 13.852 GC heap before
{Heap before GC invocations=33 (full 0):
 garbage-first heap   total 960512K, used 656997K [0x0000000701600000, 0x0000000800000000)
  region size 2048K, 23 young (47104K), 8 survivors (16384K)
 Metaspace       used 16272K, committed 16512K, reserved 1114112K
  class space    used 1633K, committed 1728K, reserved 1048576K
}
Event: 13.855 GC heap after
{Heap after GC invocations=34 (full 0):
 garbage-first heap   total 960512K, used 613177K [0x0000000701600000, 0x0000000800000000)
  region size 2048K, 3 young (6144K), 3 survivors (6144K)
 Metaspace       used 16272K, committed 16512K, reserved 1114112K
  class space    used 1633K, committed 1728K, reserved 1048576K
}
Event: 14.361 GC heap before
{Heap before GC invocations=34 (full 0):
 garbage-first heap   total 960512K, used 955193K [0x0000000701600000, 0x0000000800000000)
  region size 2048K, 90 young (184320K), 3 survivors (6144K)
 Metaspace       used 16273K, committed 16512K, reserved 1114112K
  class space    used 1633K, committed 1728K, reserved 1048576K
}
Event: 14.367 GC heap after
{Heap after GC invocations=35 (full 0):
 garbage-first heap   total 991232K, used 689666K [0x0000000701600000, 0x0000000800000000)
  region size 2048K, 12 young (24576K), 12 survivors (24576K)
 Metaspace       used 16273K, committed 16512K, reserved 1114112K
  class space    used 1633K, committed 1728K, reserved 1048576K
}
Event: 14.383 GC heap before
{Heap before GC invocations=35 (full 0):
 garbage-first heap   total 991232K, used 697858K [0x0000000701600000, 0x0000000800000000)
  region size 2048K, 17 young (34816K), 12 survivors (24576K)
 Metaspace       used 16273K, committed 16512K, reserved 1114112K
  class space    used 1633K, committed 1728K, reserved 1048576K
}
Event: 14.386 GC heap after
{Heap after GC invocations=36 (full 0):
 garbage-first heap   total 991232K, used 691841K [0x0000000701600000, 0x0000000800000000)
  region size 2048K, 1 young (2048K), 1 survivors (2048K)
 Metaspace       used 16273K, committed 16512K, reserved 1114112K
  class space    used 1633K, committed 1728K, reserved 1048576K
}

